<?xml version="1.0" encoding="UTF-8"?>
<testng-results ignored="0" total="1" passed="1" failed="0" skipped="0">
  <reporter-output>
  </reporter-output>
  <suite started-at="2022-12-22T09:54:13 BDT" name="Default suite" finished-at="2022-12-22T09:54:29 BDT" duration-ms="15747">
    <groups>
    </groups>
    <test started-at="2022-12-22T09:54:13 BDT" name="Default test" finished-at="2022-12-22T09:54:29 BDT" duration-ms="15747">
      <class name="webtests.WafiLoginTest">
        <test-method is-config="true" signature="setBrowser()[pri:0, instance:webtests.WafiLoginTest@20140db9]" started-at="2022-12-22T09:54:10 BDT" name="setBrowser" finished-at="2022-12-22T09:54:13 BDT" duration-ms="2792" status="PASS">
          <reporter-output>
          </reporter-output>
        </test-method> <!-- setBrowser -->
        <test-method signature="loginTest()[pri:0, instance:webtests.WafiLoginTest@20140db9]" started-at="2022-12-22T09:54:13 BDT" name="loginTest" finished-at="2022-12-22T09:54:29 BDT" duration-ms="15678" status="PASS">
          <reporter-output>
          </reporter-output>
        </test-method> <!-- loginTest -->
        <test-method is-config="true" signature="quitDriver()[pri:0, instance:webtests.WafiLoginTest@20140db9]" started-at="2022-12-22T09:54:29 BDT" name="quitDriver" finished-at="2022-12-22T09:54:29 BDT" duration-ms="346" status="PASS">
          <reporter-output>
          </reporter-output>
        </test-method> <!-- quitDriver -->
      </class> <!-- webtests.WafiLoginTest -->
    </test> <!-- Default test -->
  </suite> <!-- Default suite -->
</testng-results>
